<?xml version="1.0" encoding="UTF-8"?>
<!-- Generated by org.testng.reporters.JUnitReportReporter -->
<testsuite hostname="DESKTOP-H43V1DC" failures="0" tests="2" name="testsSpecialistPages.CreateAndDeleteNewKindergarten" time="8.510" errors="0" timestamp="2021-03-07T17:00:38 EET" skipped="0">
  <testcase classname="testsSpecialistPages.CreateAndDeleteNewKindergarten" name="successfullyCreateUpdateDeleteNewKindergarten" time="4.274"/>
  <system-out/>
  <testcase classname="testsSpecialistPages.CreateAndDeleteNewKindergarten" name="successfullyCreateUpdateDeleteNewKindergarten" time="4.236"/>
  <system-out/>
</testsuite> <!-- testsSpecialistPages.CreateAndDeleteNewKindergarten -->
