<?xml version="1.0" encoding="UTF-8"?>
<!-- Generated by org.testng.reporters.JUnitReportReporter -->
<testsuite hostname="DESKTOP-H43V1DC" failures="0" tests="3" name="loginPage.AdminLoginLogout" time="4.344" errors="0" timestamp="2021-03-09T19:57:56 EET" skipped="0">
  <testcase classname="loginPage.AdminLoginLogout" name="successfulLoginAndLogout" time="1.327"/>
  <system-out/>
  <testcase classname="loginPage.AdminLoginLogout" name="unsuccessfulLoginAndLogout" time="1.497"/>
  <system-out/>
  <testcase classname="loginPage.AdminLoginLogout" name="successfulLoginAndLogout" time="1.520"/>
  <system-out/>
</testsuite> <!-- loginPage.AdminLoginLogout -->
