<?xml version="1.0" encoding="UTF-8"?>
<!-- Generated by org.testng.reporters.JUnitReportReporter -->
<testsuite hostname="DESKTOP-H43V1DC" failures="0" tests="3" name="loginPage.AdminLoginLogout" time="4.736" errors="0" timestamp="2021-02-28T23:56:25 EET" skipped="0">
  <testcase classname="loginPage.AdminLoginLogout" name="successfulLoginAndLogout" time="1.077"/>
  <system-out/>
  <testcase classname="loginPage.AdminLoginLogout" name="unsuccessfulLoginAndLogout" time="2.451"/>
  <system-out/>
  <testcase classname="loginPage.AdminLoginLogout" name="successfulLoginAndLogout" time="1.208"/>
  <system-out/>
</testsuite> <!-- loginPage.AdminLoginLogout -->
