<?xml version="1.0" encoding="UTF-8"?>
<!-- Generated by org.testng.reporters.JUnitReportReporter -->
<testsuite hostname="DESKTOP-H43V1DC" failures="0" tests="3" name="testsAdminPages.UpdateAdminDetails" time="10.392" errors="0" timestamp="2021-03-07T15:25:05 EET" skipped="0">
  <testcase classname="testsAdminPages.UpdateAdminDetails" name="successfullyChangeAdminDetails" time="2.664"/>
  <system-out/>
  <testcase classname="testsAdminPages.UpdateAdminDetails" name="successfullyChangeAdminPassword" time="3.331"/>
  <system-out/>
  <testcase classname="testsAdminPages.UpdateAdminDetails" name="successfullyResetAdminPasswordToOriginal" time="4.397"/>
  <system-out/>
</testsuite> <!-- testsAdminPages.UpdateAdminDetails -->
