<?xml version="1.0" encoding="UTF-8"?>
<!-- Generated by org.testng.reporters.JUnitReportReporter -->
<testsuite hostname="DESKTOP-H43V1DC" failures="0" tests="3" name="testsAdminPages.UpdateUserDetailsAdmin" time="10.180" errors="0" timestamp="2021-03-02T21:11:29 EET" skipped="0">
  <testcase classname="testsAdminPages.UpdateUserDetailsAdmin" name="successfullyChangeAdminDetails" time="2.578"/>
  <system-out/>
  <testcase classname="testsAdminPages.UpdateUserDetailsAdmin" name="successfullyChangeAdminPassword" time="3.390"/>
  <system-out/>
  <testcase classname="testsAdminPages.UpdateUserDetailsAdmin" name="successfullyResetAdminPasswordToOriginal" time="4.212"/>
  <system-out/>
</testsuite> <!-- testsAdminPages.UpdateUserDetailsAdmin -->
