<?xml version="1.0" encoding="UTF-8"?>
<!-- Generated by org.testng.reporters.JUnitReportReporter -->
<testsuite hostname="DESKTOP-H43V1DC" failures="0" tests="3" name="specialistTests.UpdateSpecialistDetails" time="16.232" errors="0" timestamp="2021-03-12T20:46:36 EET" skipped="0">
  <testcase classname="specialistTests.UpdateSpecialistDetails" name="successfullyChangeSpecialistDetails" time="5.606"/>
  <system-out/>
  <testcase classname="specialistTests.UpdateSpecialistDetails" name="successfullyChangeSpecialistPassword" time="3.844"/>
  <system-out/>
  <testcase classname="specialistTests.UpdateSpecialistDetails" name="successfullyResetSpecialistPasswordToOriginal" time="6.782"/>
  <system-out/>
</testsuite> <!-- specialistTests.UpdateSpecialistDetails -->
