<?xml version="1.0" encoding="UTF-8"?>
<!-- Generated by org.testng.reporters.JUnitReportReporter -->
<testsuite hostname="DESKTOP-H43V1DC" failures="0" tests="3" name="testsSpecialistPages.UpdateSpecialistDetails" time="10.053" errors="0" timestamp="2021-03-07T15:24:45 EET" skipped="0">
  <testcase classname="testsSpecialistPages.UpdateSpecialistDetails" name="successfullyChangeKindergartenSpecialistDetails" time="2.433"/>
  <system-out/>
  <testcase classname="testsSpecialistPages.UpdateSpecialistDetails" name="successfullyChangeSpecialistPassword" time="3.324"/>
  <system-out/>
  <testcase classname="testsSpecialistPages.UpdateSpecialistDetails" name="successfullyResetSpecialistPasswordToOriginal" time="4.296"/>
  <system-out/>
</testsuite> <!-- testsSpecialistPages.UpdateSpecialistDetails -->
