<?xml version="1.0" encoding="UTF-8"?>
<!-- Generated by org.testng.reporters.JUnitReportReporter -->
<testsuite hostname="DESKTOP-H43V1DC" failures="0" tests="1" name="parentTests.SubmitNewApplication" time="8.792" errors="0" timestamp="2021-03-17T00:05:31 EET" skipped="0">
  <testcase classname="parentTests.SubmitNewApplication" name="submitSecondChildApplicationCheckQueue" time="8.792"/>
  <system-out/>
</testsuite> <!-- parentTests.SubmitNewApplication -->
