<?xml version="1.0" encoding="UTF-8"?>
<!-- Generated by org.testng.reporters.JUnitReportReporter -->
<testsuite hostname="DESKTOP-H43V1DC" failures="0" tests="6" name="testsAdminPages.CreateAndDeleteNewUser" time="32.808" errors="0" timestamp="2021-02-21T15:58:20 EET" skipped="0">
  <testcase classname="testsAdminPages.CreateAndDeleteNewUser" name="successfullyCreateAndDeleteNewAdmin" time="6.947"/>
  <system-out/>
  <testcase classname="testsAdminPages.CreateAndDeleteNewUser" name="successfullyCreateAndDeleteNewAdmin" time="6.707"/>
  <system-out/>
  <testcase classname="testsAdminPages.CreateAndDeleteNewUser" name="successfullyCreateAndDeleteNewKindergartenSpecialist" time="4.260"/>
  <system-out/>
  <testcase classname="testsAdminPages.CreateAndDeleteNewUser" name="successfullyCreateAndDeleteNewKindergartenSpecialist" time="4.523"/>
  <system-out/>
  <testcase classname="testsAdminPages.CreateAndDeleteNewUser" name="successfullyCreateAndDeleteNewParent" time="5.341"/>
  <system-out/>
  <testcase classname="testsAdminPages.CreateAndDeleteNewUser" name="successfullyCreateAndDeleteNewParent" time="5.030"/>
  <system-out/>
</testsuite> <!-- testsAdminPages.CreateAndDeleteNewUser -->
