<?xml version="1.0" encoding="UTF-8"?>
<!-- Generated by org.testng.reporters.JUnitReportReporter -->
<testsuite hostname="DESKTOP-H43V1DC" failures="0" tests="3" name="adminTests.CreateAndDeleteNewUser" time="13.890" errors="0" timestamp="2021-03-15T09:37:04 EET" skipped="0">
  <testcase classname="adminTests.CreateAndDeleteNewUser" name="successfullyCreateAndDeleteNewKindergartenSpecialist" time="4.614"/>
  <system-out/>
  <testcase classname="adminTests.CreateAndDeleteNewUser" name="successfullyCreateAndDeleteNewAdmin" time="4.430"/>
  <system-out/>
  <testcase classname="adminTests.CreateAndDeleteNewUser" name="successfullyCreateAndDeleteNewParent" time="4.846"/>
  <system-out/>
</testsuite> <!-- adminTests.CreateAndDeleteNewUser -->
