<?xml version="1.0" encoding="UTF-8"?>
<!-- Generated by org.testng.reporters.JUnitReportReporter -->
<testsuite hostname="DESKTOP-H43V1DC" failures="0" tests="3" name="testsAdminPages.CreateAndDeleteNewUser" time="16.335" errors="0" timestamp="2021-02-21T14:36:03 EET" skipped="0">
  <testcase classname="testsAdminPages.CreateAndDeleteNewUser" name="successfullyCreateAndDeleteNewKindergartenSpecialist" time="4.497"/>
  <system-out/>
  <testcase classname="testsAdminPages.CreateAndDeleteNewUser" name="successfullyCreateAndDeleteNewAdmin" time="6.352"/>
  <system-out/>
  <testcase classname="testsAdminPages.CreateAndDeleteNewUser" name="successfullyCreateAndDeleteNewParent" time="5.486"/>
  <system-out/>
</testsuite> <!-- testsAdminPages.CreateAndDeleteNewUser -->
