<?xml version="1.0" encoding="UTF-8"?>
<!-- Generated by org.testng.reporters.JUnitReportReporter -->
<testsuite hostname="DESKTOP-H43V1DC" failures="0" tests="3" name="login.AdminLoginLogout" time="4.468" errors="0" timestamp="2021-03-12T15:20:00 EET" skipped="0">
  <testcase classname="login.AdminLoginLogout" name="successfulLoginAndLogout" time="1.701"/>
  <system-out/>
  <testcase classname="login.AdminLoginLogout" name="successfulLoginAndLogout" time="1.246"/>
  <system-out/>
  <testcase classname="login.AdminLoginLogout" name="unsuccessfulLogin" time="1.521"/>
  <system-out/>
</testsuite> <!-- login.AdminLoginLogout -->
