<?xml version="1.0" encoding="UTF-8"?>
<!-- Generated by org.testng.reporters.JUnitReportReporter -->
<testsuite hostname="DESKTOP-H43V1DC" failures="0" tests="3" name="testsAdminPages.UpdateAdminDetails" time="10.231" errors="0" timestamp="2021-03-07T17:00:38 EET" skipped="0">
  <testcase classname="testsAdminPages.UpdateAdminDetails" name="successfullyChangeAdminDetails" time="2.366"/>
  <system-out/>
  <testcase classname="testsAdminPages.UpdateAdminDetails" name="successfullyChangeAdminPassword" time="3.430"/>
  <system-out/>
  <testcase classname="testsAdminPages.UpdateAdminDetails" name="successfullyResetAdminPasswordToOriginal" time="4.435"/>
  <system-out/>
</testsuite> <!-- testsAdminPages.UpdateAdminDetails -->
