<?xml version="1.0" encoding="UTF-8"?>
<!-- Generated by org.testng.reporters.JUnitReportReporter -->
<testsuite hostname="DESKTOP-H43V1DC" failures="0" tests="1" name="smokeTests.CheckIfParentPagesWork" time="2.625" errors="0" timestamp="2021-03-16T13:36:07 EET" skipped="0">
  <testcase classname="smokeTests.CheckIfParentPagesWork" name="openAndAssertAllParentPages" time="2.625"/>
  <system-out/>
</testsuite> <!-- smokeTests.CheckIfParentPagesWork -->
