<?xml version="1.0" encoding="UTF-8"?>
<!-- Generated by org.testng.reporters.JUnitReportReporter -->
<testsuite hostname="DESKTOP-H43V1DC" failures="0" tests="3" name="specialistTests.UpdateSpecialistDetails" time="15.222" errors="0" timestamp="2021-03-12T15:20:00 EET" skipped="0">
  <testcase classname="specialistTests.UpdateSpecialistDetails" name="successfullyChangeSpecialistDetails" time="5.544"/>
  <system-out/>
  <testcase classname="specialistTests.UpdateSpecialistDetails" name="successfullyChangeSpecialistPassword" time="3.275"/>
  <system-out/>
  <testcase classname="specialistTests.UpdateSpecialistDetails" name="successfullyResetSpecialistPasswordToOriginal" time="6.403"/>
  <system-out/>
</testsuite> <!-- specialistTests.UpdateSpecialistDetails -->
