<?xml version="1.0" encoding="UTF-8"?>
<!-- Generated by org.testng.reporters.JUnitReportReporter -->
<testsuite hostname="DESKTOP-H43V1DC" failures="0" tests="3" name="parentTests.UpdateParentDetails" time="16.674" errors="0" timestamp="2021-03-12T15:20:00 EET" skipped="0">
  <testcase classname="parentTests.UpdateParentDetails" name="successfullyChangeParentDetails" time="6.430"/>
  <system-out/>
  <testcase classname="parentTests.UpdateParentDetails" name="successfullyChangeParentPassword" time="3.366"/>
  <system-out/>
  <testcase classname="parentTests.UpdateParentDetails" name="successfullyResetParentPasswordToOriginal" time="6.878"/>
  <system-out/>
</testsuite> <!-- parentTests.UpdateParentDetails -->
