<?xml version="1.0" encoding="UTF-8"?>
<!-- Generated by org.testng.reporters.JUnitReportReporter -->
<testsuite hostname="DESKTOP-H43V1DC" failures="0" tests="2" name="testsSpecialistPages.CreateAndDeleteNewKindergarten" time="8.139" errors="0" timestamp="2021-02-28T23:56:25 EET" skipped="0">
  <testcase classname="testsSpecialistPages.CreateAndDeleteNewKindergarten" name="successfullyCreateUpdateDeleteNewKindergarten" time="4.183"/>
  <system-out/>
  <testcase classname="testsSpecialistPages.CreateAndDeleteNewKindergarten" name="successfullyCreateUpdateDeleteNewKindergarten" time="3.956"/>
  <system-out/>
</testsuite> <!-- testsSpecialistPages.CreateAndDeleteNewKindergarten -->
