<?xml version="1.0" encoding="UTF-8"?>
<!-- Generated by org.testng.reporters.JUnitReportReporter -->
<testsuite hostname="DESKTOP-H43V1DC" failures="0" tests="3" name="loginPage.AdminLoginLogout" time="4.817" errors="0" timestamp="2021-03-05T08:47:38 EET" skipped="0">
  <testcase classname="loginPage.AdminLoginLogout" name="successfulLoginAndLogout" time="1.188"/>
  <system-out/>
  <testcase classname="loginPage.AdminLoginLogout" name="unsuccessfulLoginAndLogout" time="2.535"/>
  <system-out/>
  <testcase classname="loginPage.AdminLoginLogout" name="successfulLoginAndLogout" time="1.094"/>
  <system-out/>
</testsuite> <!-- loginPage.AdminLoginLogout -->
