<?xml version="1.0" encoding="UTF-8"?>
<!-- Generated by org.testng.reporters.JUnitReportReporter -->
<testsuite hostname="DESKTOP-H43V1DC" failures="0" tests="3" name="adminTests.CreateAndDeleteNewUser" time="12.401" errors="0" timestamp="2021-03-12T20:46:36 EET" skipped="0">
  <testcase classname="adminTests.CreateAndDeleteNewUser" name="successfullyCreateAndDeleteNewParent" time="4.348"/>
  <system-out/>
  <testcase classname="adminTests.CreateAndDeleteNewUser" name="successfullyCreateAndDeleteNewAdmin" time="4.087"/>
  <system-out/>
  <testcase classname="adminTests.CreateAndDeleteNewUser" name="successfullyCreateAndDeleteNewKindergartenSpecialist" time="3.966"/>
  <system-out/>
</testsuite> <!-- adminTests.CreateAndDeleteNewUser -->
