<?xml version="1.0" encoding="UTF-8"?>
<!-- Generated by org.testng.reporters.JUnitReportReporter -->
<testsuite hostname="DESKTOP-H43V1DC" failures="0" tests="3" name="adminTests.UpdateAdminDetails" time="15.605" errors="0" timestamp="2021-03-16T13:52:33 EET" skipped="0">
  <testcase classname="adminTests.UpdateAdminDetails" name="successfullyChangeAdminDetails" time="5.503"/>
  <system-out/>
  <testcase classname="adminTests.UpdateAdminDetails" name="successfullyChangeAdminPassword" time="3.277"/>
  <system-out/>
  <testcase classname="adminTests.UpdateAdminDetails" name="successfullyResetAdminPasswordToOriginal" time="6.825"/>
  <system-out/>
</testsuite> <!-- adminTests.UpdateAdminDetails -->
