<?xml version="1.0" encoding="UTF-8"?>
<!-- Generated by org.testng.reporters.JUnitReportReporter -->
<testsuite hostname="DESKTOP-H43V1DC" failures="0" tests="1" name="parentTests.UploadMedicalDocumentPDF" time="9.034" errors="0" timestamp="2021-03-12T20:46:36 EET" skipped="0">
  <testcase classname="parentTests.UploadMedicalDocumentPDF" name="successfullyUploadAndDeletePDF" time="9.034"/>
  <system-out/>
</testsuite> <!-- parentTests.UploadMedicalDocumentPDF -->
