<?xml version="1.0" encoding="UTF-8"?>
<!-- Generated by org.testng.reporters.JUnitReportReporter -->
<testsuite hostname="DESKTOP-H43V1DC" failures="0" tests="6" name="testsAdminPages.CreateAndDeleteNewUser" time="19.019" errors="0" timestamp="2021-03-07T17:00:38 EET" skipped="0">
  <testcase classname="testsAdminPages.CreateAndDeleteNewUser" name="successfullyCreateAndDeleteNewAdmin" time="3.766"/>
  <system-out/>
  <testcase classname="testsAdminPages.CreateAndDeleteNewUser" name="successfullyCreateAndDeleteNewAdmin" time="3.557"/>
  <system-out/>
  <testcase classname="testsAdminPages.CreateAndDeleteNewUser" name="successfullyCreateAndDeleteNewKindergartenSpecialist" time="2.677"/>
  <system-out/>
  <testcase classname="testsAdminPages.CreateAndDeleteNewUser" name="successfullyCreateAndDeleteNewKindergartenSpecialist" time="2.679"/>
  <system-out/>
  <testcase classname="testsAdminPages.CreateAndDeleteNewUser" name="successfullyCreateAndDeleteNewParent" time="3.245"/>
  <system-out/>
  <testcase classname="testsAdminPages.CreateAndDeleteNewUser" name="successfullyCreateAndDeleteNewParent" time="3.095"/>
  <system-out/>
</testsuite> <!-- testsAdminPages.CreateAndDeleteNewUser -->
