<?xml version="1.0" encoding="UTF-8"?>
<!-- Generated by org.testng.reporters.JUnitReportReporter -->
<testsuite hostname="DESKTOP-H43V1DC" failures="0" tests="3" name="parentTests.UpdateParentDetails" time="16.947" errors="0" timestamp="2021-03-16T13:52:33 EET" skipped="0">
  <testcase classname="parentTests.UpdateParentDetails" name="successfullyChangeParentDetails" time="6.616"/>
  <system-out/>
  <testcase classname="parentTests.UpdateParentDetails" name="successfullyChangeParentPassword" time="3.349"/>
  <system-out/>
  <testcase classname="parentTests.UpdateParentDetails" name="successfullyResetParentPasswordToOriginal" time="6.982"/>
  <system-out/>
</testsuite> <!-- parentTests.UpdateParentDetails -->
