<?xml version="1.0" encoding="UTF-8"?>
<!-- Generated by org.testng.reporters.JUnitReportReporter -->
<testsuite hostname="DESKTOP-H43V1DC" failures="0" tests="3" name="adminTests.CreateAndDeleteNewUser" time="12.622" errors="0" timestamp="2021-03-16T13:52:33 EET" skipped="0">
  <testcase classname="adminTests.CreateAndDeleteNewUser" name="successfullyCreateAndDeleteNewKindergartenSpecialist" time="3.968"/>
  <system-out/>
  <testcase classname="adminTests.CreateAndDeleteNewUser" name="successfullyCreateAndDeleteNewParent" time="4.456"/>
  <system-out/>
  <testcase classname="adminTests.CreateAndDeleteNewUser" name="successfullyCreateAndDeleteNewAdmin" time="4.198"/>
  <system-out/>
</testsuite> <!-- adminTests.CreateAndDeleteNewUser -->
