<?xml version="1.0" encoding="UTF-8"?>
<!-- Generated by org.testng.reporters.JUnitReportReporter -->
<testsuite hostname="DESKTOP-H43V1DC" failures="0" tests="3" name="adminTests.UpdateAdminDetails" time="15.219" errors="0" timestamp="2021-03-12T20:46:36 EET" skipped="0">
  <testcase classname="adminTests.UpdateAdminDetails" name="successfullyChangeAdminDetails" time="5.448"/>
  <system-out/>
  <testcase classname="adminTests.UpdateAdminDetails" name="successfullyChangeAdminPassword" time="3.205"/>
  <system-out/>
  <testcase classname="adminTests.UpdateAdminDetails" name="successfullyResetAdminPasswordToOriginal" time="6.566"/>
  <system-out/>
</testsuite> <!-- adminTests.UpdateAdminDetails -->
