<?xml version="1.0" encoding="UTF-8"?>
<!-- Generated by org.testng.reporters.JUnitReportReporter -->
<testsuite hostname="DESKTOP-H43V1DC" failures="0" tests="2" name="loginPage.AdminLoginLogout" time="4.805" errors="0" timestamp="2021-02-21T13:04:45 EET" skipped="0">
  <testcase classname="loginPage.AdminLoginLogout" name="successfulAdminLoginAndLogout" time="2.361"/>
  <system-out/>
  <testcase classname="loginPage.AdminLoginLogout" name="unsuccessfulAdminLoginAndLogout" time="2.444"/>
  <system-out/>
</testsuite> <!-- loginPage.AdminLoginLogout -->
