<?xml version="1.0" encoding="UTF-8"?>
<!-- Generated by org.testng.reporters.JUnitReportReporter -->
<testsuite hostname="DESKTOP-H43V1DC" failures="0" tests="2" name="testsSpecialistPages.CreateAndDeleteNewKindergarten" time="8.255" errors="0" timestamp="2021-03-05T08:47:38 EET" skipped="0">
  <testcase classname="testsSpecialistPages.CreateAndDeleteNewKindergarten" name="successfullyCreateUpdateDeleteNewKindergarten" time="4.089"/>
  <system-out/>
  <testcase classname="testsSpecialistPages.CreateAndDeleteNewKindergarten" name="successfullyCreateUpdateDeleteNewKindergarten" time="4.166"/>
  <system-out/>
</testsuite> <!-- testsSpecialistPages.CreateAndDeleteNewKindergarten -->
