<?xml version="1.0" encoding="UTF-8"?>
<!-- Generated by org.testng.reporters.JUnitReportReporter -->
<testsuite hostname="DESKTOP-H43V1DC" failures="0" tests="3" name="testsSpecialistPages.UpdateSpecialistDetails" time="10.632" errors="0" timestamp="2021-03-07T17:00:38 EET" skipped="0">
  <testcase classname="testsSpecialistPages.UpdateSpecialistDetails" name="successfullyChangeKindergartenSpecialistDetails" time="2.629"/>
  <system-out/>
  <testcase classname="testsSpecialistPages.UpdateSpecialistDetails" name="successfullyChangeSpecialistPassword" time="3.582"/>
  <system-out/>
  <testcase classname="testsSpecialistPages.UpdateSpecialistDetails" name="successfullyResetSpecialistPasswordToOriginal" time="4.421"/>
  <system-out/>
</testsuite> <!-- testsSpecialistPages.UpdateSpecialistDetails -->
