<?xml version="1.0" encoding="UTF-8"?>
<!-- Generated by org.testng.reporters.JUnitReportReporter -->
<testsuite hostname="DESKTOP-H43V1DC" failures="0" tests="3" name="adminTests.UpdateAdminDetails" time="16.460" errors="0" timestamp="2021-03-12T15:20:00 EET" skipped="0">
  <testcase classname="adminTests.UpdateAdminDetails" name="successfullyChangeAdminDetails" time="5.504"/>
  <system-out/>
  <testcase classname="adminTests.UpdateAdminDetails" name="successfullyChangeAdminPassword" time="3.264"/>
  <system-out/>
  <testcase classname="adminTests.UpdateAdminDetails" name="successfullyResetAdminPasswordToOriginal" time="7.692"/>
  <system-out/>
</testsuite> <!-- adminTests.UpdateAdminDetails -->
