<?xml version="1.0" encoding="UTF-8"?>
<!-- Generated by org.testng.reporters.JUnitReportReporter -->
<testsuite hostname="DESKTOP-H43V1DC" failures="0" tests="3" name="loginPage.AdminLoginLogout" time="7.239" errors="0" timestamp="2021-02-21T15:58:20 EET" skipped="0">
  <testcase classname="loginPage.AdminLoginLogout" name="successfulAdminLoginAndLogout" time="2.374"/>
  <system-out/>
  <testcase classname="loginPage.AdminLoginLogout" name="unsuccessfulAdminLoginAndLogout" time="2.497"/>
  <system-out/>
  <testcase classname="loginPage.AdminLoginLogout" name="successfulAdminLoginAndLogout" time="2.368"/>
  <system-out/>
</testsuite> <!-- loginPage.AdminLoginLogout -->
