<?xml version="1.0" encoding="UTF-8"?>
<!-- Generated by org.testng.reporters.JUnitReportReporter -->
<testsuite hostname="DESKTOP-H43V1DC" failures="0" tests="3" name="loginPage.AdminLoginLogout" time="5.086" errors="0" timestamp="2021-03-07T17:00:38 EET" skipped="0">
  <testcase classname="loginPage.AdminLoginLogout" name="successfulLoginAndLogout" time="1.258"/>
  <system-out/>
  <testcase classname="loginPage.AdminLoginLogout" name="successfulLoginAndLogout" time="1.269"/>
  <system-out/>
  <testcase classname="loginPage.AdminLoginLogout" name="unsuccessfulLoginAndLogout" time="2.559"/>
  <system-out/>
</testsuite> <!-- loginPage.AdminLoginLogout -->
