<?xml version="1.0" encoding="UTF-8"?>
<!-- Generated by org.testng.reporters.JUnitReportReporter -->
<testsuite hostname="DESKTOP-H43V1DC" failures="0" tests="1" name="testsParentPages.SubmitNewApplication" time="1.574" errors="0" timestamp="2021-03-07T19:25:30 EET" skipped="0">
  <testcase classname="testsParentPages.SubmitNewApplication" name="successfullyFillAndSubmitNewApplication" time="1.574"/>
  <system-out/>
</testsuite> <!-- testsParentPages.SubmitNewApplication -->
