<?xml version="1.0" encoding="UTF-8"?>
<!-- Generated by org.testng.reporters.JUnitReportReporter -->
<testsuite hostname="DESKTOP-H43V1DC" failures="0" tests="1" name="parentTests.UploadMedicalDocumentPDF" time="8.981" errors="0" timestamp="2021-03-16T15:48:51 EET" skipped="0">
  <testcase classname="parentTests.UploadMedicalDocumentPDF" name="successfullyUploadAndDeletePDF" time="8.981"/>
  <system-out/>
</testsuite> <!-- parentTests.UploadMedicalDocumentPDF -->
